#
# A fatal error has been detected by the Java Runtime Environment:
#
#  EXCEPTION_ACCESS_VIOLATION (0xc0000005) at pc=0x000000007266804c, pid=8492, tid=0x0000000000002680
#
# JRE version: Java(TM) SE Runtime Environment (8.0_161-b12) (build 1.8.0_161-b12)
# Java VM: Java HotSpot(TM) 64-Bit Server VM (25.161-b12 mixed mode windows-amd64 compressed oops)
# Problematic frame:
# V  [jvm.dll+0x51804c]
#
# Failed to write core dump. Minidumps are not enabled by default on client versions of Windows
#
# If you would like to submit a bug report, please visit:
#   http://bugreport.java.com/bugreport/crash.jsp
#

---------------  T H R E A D  ---------------

Current thread (0x000000001862f000):  JavaThread "C2 CompilerThread1" daemon [_thread_in_native, id=9856, stack(0x0000000018bd0000,0x0000000018cd0000)]

siginfo: ExceptionCode=0xc0000005, reading address 0x000000072f1745a8

Registers:
RAX=0x00000000211745a8, RBX=0x000000000000000a, RCX=0x0000000000000001, RDX=0x0000000000000001
RSP=0x0000000018ccbb70, RBP=0x0000000018ccbc70, RSI=0x0000000000000001, RDI=0x00000000e1c00000
R8 =0x0000000000000001, R9 =0x0000000000000000, R10=0x0000000000000001, R11=0x00000000000000c4
R12=0x000000001b339a18, R13=0x000000001d2c4680, R14=0x0000000018ccc260, R15=0x0000000021174540
RIP=0x000000007266804c, EFLAGS=0x0000000000010286

Top of Stack: (sp=0x0000000018ccbb70)
0x0000000018ccbb70:   000000001d8b5be0 0000000018ccbf40
0x0000000018ccbb80:   0000000000000040 000000007221daf7
0x0000000018ccbb90:   0000000000000844 0000000000007fe8
0x0000000018ccbba0:   0000000000000660 0000000000007fd8
0x0000000018ccbbb0:   00000000f308d501 00007ff895000792
0x0000000018ccbbc0:   0000000000000001 000000001b339a08
0x0000000018ccbbd0:   0000000000000001 0000000000000001
0x0000000018ccbbe0:   0000000000000000 0000000100000031
0x0000000018ccbbf0:   0000024100000000 0000000018ccbf40
0x0000000018ccbc00:   000000000000000f 000000001d8b38f0
0x0000000018ccbc10:   0000000000000001 0000024100000031
0x0000000018ccbc20:   0000000018ccbf40 000000000000000f
0x0000000018ccbc30:   000000001d8b2fe0 0000000000000204
0x0000000018ccbc40:   000000001d2c4680 000000001c94b640
0x0000000018ccbc50:   ffffffffe274a070 00000000000003d8
0x0000000018ccbc60:   000000001c94ba18 000000001c94b630 

Instructions: (pc=0x000000007266804c)
0x000000007266802c:   24 50 49 8b c7 48 0f 45 c2 48 8b 55 28 4a 89 04
0x000000007266803c:   e2 8b 7d 00 85 ff 0f 84 bd e9 ff ff 49 8b 47 08
0x000000007266804c:   4c 8b 24 f8 49 8b 86 28 01 00 00 49 63 4c 24 28
0x000000007266805c:   44 8b 0c 88 45 3b 8e e8 00 00 00 0f 83 98 e9 ff 


Register to memory mapping:

RAX=0x00000000211745a8 is an unknown value
RBX=0x000000000000000a is an unknown value
RCX=0x0000000000000001 is an unknown value
RDX=0x0000000000000001 is an unknown value
RSP=0x0000000018ccbb70 is pointing into the stack for thread: 0x000000001862f000
RBP=0x0000000018ccbc70 is pointing into the stack for thread: 0x000000001862f000
RSI=0x0000000000000001 is an unknown value
RDI=0x00000000e1c00000 is an unallocated location in the heap
R8 =0x0000000000000001 is an unknown value
R9 =0x0000000000000000 is an unknown value
R10=0x0000000000000001 is an unknown value
R11=0x00000000000000c4 is an unknown value
R12=0x000000001b339a18 is an unknown value
R13=0x000000001d2c4680 is an unknown value
R14=0x0000000018ccc260 is pointing into the stack for thread: 0x000000001862f000
R15=0x0000000021174540 is an unknown value


Stack: [0x0000000018bd0000,0x0000000018cd0000],  sp=0x0000000018ccbb70,  free space=1006k
Native frames: (J=compiled Java code, j=interpreted, Vv=VM code, C=native code)
V  [jvm.dll+0x51804c]
V  [jvm.dll+0x4699f6]
V  [jvm.dll+0x47505b]
V  [jvm.dll+0x477967]
V  [jvm.dll+0x45a172]
V  [jvm.dll+0xa6052]
V  [jvm.dll+0xa699f]
V  [jvm.dll+0x24533f]
V  [jvm.dll+0x29cc4a]
C  [msvcr100.dll+0x21d9f]
C  [msvcr100.dll+0x21e3b]
C  [KERNEL32.DLL+0x11fe4]
C  [ntdll.dll+0x6efc1]


Current CompileTask:
C2:  50341 13011       4       com.typesafe.config.impl.ConfigDocumentParser$ParseContext::nextToken (77 bytes)


---------------  P R O C E S S  ---------------

Java Threads: ( => current thread )
  0x000000001e438800 JavaThread "sbt-web-akka.actor.default-dispatcher-4" [_thread_blocked, id=9972, stack(0x00000000228e0000,0x00000000229e0000)]
  0x000000001e43c000 JavaThread "sbt-web-akka.actor.default-dispatcher-3" [_thread_blocked, id=4968, stack(0x00000000227e0000,0x00000000228e0000)]
  0x000000001a38b800 JavaThread "sbt-web-akka.actor.default-dispatcher-2" [_thread_blocked, id=13192, stack(0x00000000226e0000,0x00000000227e0000)]
  0x000000001a390000 JavaThread "sbt-web-scheduler-1" [_thread_blocked, id=5588, stack(0x00000000225e0000,0x00000000226e0000)]
  0x000000001868e000 JavaThread "Service Thread" daemon [_thread_blocked, id=6380, stack(0x0000000018dd0000,0x0000000018ed0000)]
  0x000000001862f800 JavaThread "C1 CompilerThread2" daemon [_thread_blocked, id=7204, stack(0x0000000018cd0000,0x0000000018dd0000)]
=>0x000000001862f000 JavaThread "C2 CompilerThread1" daemon [_thread_in_native, id=9856, stack(0x0000000018bd0000,0x0000000018cd0000)]
  0x000000001862b000 JavaThread "C2 CompilerThread0" daemon [_thread_blocked, id=792, stack(0x0000000018ad0000,0x0000000018bd0000)]
  0x00000000185d9000 JavaThread "Monitor Ctrl-Break" daemon [_thread_in_native, id=1956, stack(0x00000000189d0000,0x0000000018ad0000)]
  0x0000000016f4c000 JavaThread "Attach Listener" daemon [_thread_blocked, id=9968, stack(0x00000000184c0000,0x00000000185c0000)]
  0x0000000016f4b000 JavaThread "Signal Dispatcher" daemon [_thread_blocked, id=9952, stack(0x00000000183c0000,0x00000000184c0000)]
  0x0000000004878800 JavaThread "Finalizer" daemon [_thread_blocked, id=10796, stack(0x00000000181c0000,0x00000000182c0000)]
  0x0000000004873000 JavaThread "Reference Handler" daemon [_thread_blocked, id=2644, stack(0x00000000180c0000,0x00000000181c0000)]
  0x0000000004782800 JavaThread "main" [_thread_in_vm, id=12876, stack(0x0000000002da0000,0x0000000002ea0000)]

Other Threads:
  0x0000000016f18000 VMThread [stack: 0x0000000017fc0000,0x00000000180c0000] [id=10760]
  0x00000000186b5800 WatcherThread [stack: 0x0000000018ed0000,0x0000000018fd0000] [id=8368]

VM state:not at safepoint (normal execution)

VM Mutex/Monitor currently owned by a thread: None

Heap:
 PSYoungGen      total 305664K, used 80766K [0x00000000eab00000, 0x0000000100000000, 0x0000000100000000)
  eden space 262144K, 14% used [0x00000000eab00000,0x00000000ecf66720,0x00000000fab00000)
  from space 43520K, 99% used [0x00000000fab00000,0x00000000fd5791a0,0x00000000fd580000)
  to   space 43520K, 0% used [0x00000000fd580000,0x00000000fd580000,0x0000000100000000)
 ParOldGen       total 407552K, used 58047K [0x00000000c0000000, 0x00000000d8e00000, 0x00000000eab00000)
  object space 407552K, 14% used [0x00000000c0000000,0x00000000c38afc60,0x00000000d8e00000)
 Metaspace       used 68250K, capacity 68786K, committed 68992K, reserved 1105920K
  class space    used 12483K, capacity 12650K, committed 12672K, reserved 1048576K

Card table byte_map: [0x0000000013c40000,0x0000000013e50000] byte_map_base: 0x0000000013640000

Marking Bits: (ParMarkBitMap*) 0x000000007296f860
 Begin Bits: [0x00000000143b0000, 0x00000000153b0000)
 End Bits:   [0x00000000153b0000, 0x00000000163b0000)

Polling page: 0x0000000002860000

CodeCache: size=245760Kb used=38307Kb max_used=38852Kb free=207452Kb
 bounds [0x0000000004880000, 0x0000000006f10000, 0x0000000013880000]
 total_blobs=10818 nmethods=10326 adapters=401
 compilation: enabled

Compilation events (10 events):
Event: 50.033 Thread 0x000000001862f800 13092       3       akka.actor.LightArrayRevolverScheduler::clock (4 bytes)
Event: 50.033 Thread 0x000000001862f800 nmethod 13092 0x0000000006e2b410 code [0x0000000006e2b560, 0x0000000006e2b6d0]
Event: 50.033 Thread 0x000000001862f800 13093       3       akka.actor.LightArrayRevolverScheduler::akka$actor$LightArrayRevolverScheduler$$start (5 bytes)
Event: 50.033 Thread 0x000000001862f800 nmethod 13093 0x0000000006e2b0d0 code [0x0000000006e2b220, 0x0000000006e2b370]
Event: 50.033 Thread 0x000000001862f800 13091       1       akka.util.Helpers$::isWindows (5 bytes)
Event: 50.033 Thread 0x000000001862f800 nmethod 13091 0x0000000006e2ae10 code [0x0000000006e2af60, 0x0000000006e2b070]
Event: 50.033 Thread 0x000000001862f800 13094       3       akka.actor.LightArrayRevolverScheduler::akka$actor$LightArrayRevolverScheduler$$tickNanos (5 bytes)
Event: 50.033 Thread 0x000000001862f800 nmethod 13094 0x0000000006e2aad0 code [0x0000000006e2ac20, 0x0000000006e2ad70]
Event: 50.033 Thread 0x000000001862f800 13095       3       akka.dispatch.AbstractNodeQueue::pollNode (66 bytes)
Event: 50.034 Thread 0x000000001862f800 nmethod 13095 0x0000000006e2a190 code [0x0000000006e2a320, 0x0000000006e2a950]

GC Heap History (10 events):
Event: 29.476 GC heap before
{Heap before GC invocations=11 (full 4):
 PSYoungGen      total 247296K, used 234760K [0x00000000eab00000, 0x00000000fd100000, 0x0000000100000000)
  eden space 225792K, 100% used [0x00000000eab00000,0x00000000f8780000,0x00000000f8780000)
  from space 21504K, 41% used [0x00000000f9c80000,0x00000000fa542280,0x00000000fb180000)
  to   space 21504K, 0% used [0x00000000f8780000,0x00000000f8780000,0x00000000f9c80000)
 ParOldGen       total 407552K, used 11957K [0x00000000c0000000, 0x00000000d8e00000, 0x00000000eab00000)
  object space 407552K, 2% used [0x00000000c0000000,0x00000000c0bad7a0,0x00000000d8e00000)
 Metaspace       used 56155K, capacity 56572K, committed 56960K, reserved 1095680K
  class space    used 10166K, capacity 10280K, committed 10368K, reserved 1048576K
Event: 29.517 GC heap after
Heap after GC invocations=11 (full 4):
 PSYoungGen      total 247296K, used 18144K [0x00000000eab00000, 0x00000000fe000000, 0x0000000100000000)
  eden space 225792K, 0% used [0x00000000eab00000,0x00000000eab00000,0x00000000f8780000)
  from space 21504K, 84% used [0x00000000f8780000,0x00000000f9938040,0x00000000f9c80000)
  to   space 22528K, 0% used [0x00000000fca00000,0x00000000fca00000,0x00000000fe000000)
 ParOldGen       total 407552K, used 11965K [0x00000000c0000000, 0x00000000d8e00000, 0x00000000eab00000)
  object space 407552K, 2% used [0x00000000c0000000,0x00000000c0baf7a0,0x00000000d8e00000)
 Metaspace       used 56155K, capacity 56572K, committed 56960K, reserved 1095680K
  class space    used 10166K, capacity 10280K, committed 10368K, reserved 1048576K
}
Event: 32.324 GC heap before
{Heap before GC invocations=12 (full 4):
 PSYoungGen      total 247296K, used 243936K [0x00000000eab00000, 0x00000000fe000000, 0x0000000100000000)
  eden space 225792K, 100% used [0x00000000eab00000,0x00000000f8780000,0x00000000f8780000)
  from space 21504K, 84% used [0x00000000f8780000,0x00000000f9938040,0x00000000f9c80000)
  to   space 22528K, 0% used [0x00000000fca00000,0x00000000fca00000,0x00000000fe000000)
 ParOldGen       total 407552K, used 11965K [0x00000000c0000000, 0x00000000d8e00000, 0x00000000eab00000)
  object space 407552K, 2% used [0x00000000c0000000,0x00000000c0baf7a0,0x00000000d8e00000)
 Metaspace       used 56256K, capacity 56636K, committed 56960K, reserved 1095680K
  class space    used 10166K, capacity 10280K, committed 10368K, reserved 1048576K
Event: 32.360 GC heap after
Heap after GC invocations=12 (full 4):
 PSYoungGen      total 291328K, used 20160K [0x00000000eab00000, 0x00000000fea80000, 0x0000000100000000)
  eden space 268800K, 0% used [0x00000000eab00000,0x00000000eab00000,0x00000000fb180000)
  from space 22528K, 89% used [0x00000000fca00000,0x00000000fddb0020,0x00000000fe000000)
  to   space 25088K, 0% used [0x00000000fb180000,0x00000000fb180000,0x00000000fca00000)
 ParOldGen       total 407552K, used 11965K [0x00000000c0000000, 0x00000000d8e00000, 0x00000000eab00000)
  object space 407552K, 2% used [0x00000000c0000000,0x00000000c0baf7a0,0x00000000d8e00000)
 Metaspace       used 56256K, capacity 56636K, committed 56960K, reserved 1095680K
  class space    used 10166K, capacity 10280K, committed 10368K, reserved 1048576K
}
Event: 33.472 GC heap before
{Heap before GC invocations=13 (full 4):
 PSYoungGen      total 291328K, used 288960K [0x00000000eab00000, 0x00000000fea80000, 0x0000000100000000)
  eden space 268800K, 100% used [0x00000000eab00000,0x00000000fb180000,0x00000000fb180000)
  from space 22528K, 89% used [0x00000000fca00000,0x00000000fddb0020,0x00000000fe000000)
  to   space 25088K, 0% used [0x00000000fb180000,0x00000000fb180000,0x00000000fca00000)
 ParOldGen       total 407552K, used 11965K [0x00000000c0000000, 0x00000000d8e00000, 0x00000000eab00000)
  object space 407552K, 2% used [0x00000000c0000000,0x00000000c0baf7a0,0x00000000d8e00000)
 Metaspace       used 56269K, capacity 56636K, committed 56960K, reserved 1095680K
  class space    used 10166K, capacity 10280K, committed 10368K, reserved 1048576K
Event: 33.547 GC heap after
Heap after GC invocations=13 (full 4):
 PSYoungGen      total 293888K, used 20272K [0x00000000eab00000, 0x0000000100000000, 0x0000000100000000)
  eden space 268800K, 0% used [0x00000000eab00000,0x00000000eab00000,0x00000000fb180000)
  from space 25088K, 80% used [0x00000000fb180000,0x00000000fc54c030,0x00000000fca00000)
  to   space 27136K, 0% used [0x00000000fe580000,0x00000000fe580000,0x0000000100000000)
 ParOldGen       total 407552K, used 11965K [0x00000000c0000000, 0x00000000d8e00000, 0x00000000eab00000)
  object space 407552K, 2% used [0x00000000c0000000,0x00000000c0baf7a0,0x00000000d8e00000)
 Metaspace       used 56269K, capacity 56636K, committed 56960K, reserved 1095680K
  class space    used 10166K, capacity 10280K, committed 10368K, reserved 1048576K
}
Event: 40.089 GC heap before
{Heap before GC invocations=14 (full 4):
 PSYoungGen      total 293888K, used 289072K [0x00000000eab00000, 0x0000000100000000, 0x0000000100000000)
  eden space 268800K, 100% used [0x00000000eab00000,0x00000000fb180000,0x00000000fb180000)
  from space 25088K, 80% used [0x00000000fb180000,0x00000000fc54c030,0x00000000fca00000)
  to   space 27136K, 0% used [0x00000000fe580000,0x00000000fe580000,0x0000000100000000)
 ParOldGen       total 407552K, used 11965K [0x00000000c0000000, 0x00000000d8e00000, 0x00000000eab00000)
  object space 407552K, 2% used [0x00000000c0000000,0x00000000c0baf7a0,0x00000000d8e00000)
 Metaspace       used 59807K, capacity 60308K, committed 60544K, reserved 1099776K
  class space    used 10694K, capacity 10808K, committed 10880K, reserved 1048576K
Event: 40.204 GC heap after
Heap after GC invocations=14 (full 4):
 PSYoungGen      total 289280K, used 27125K [0x00000000eab00000, 0x0000000100000000, 0x0000000100000000)
  eden space 262144K, 0% used [0x00000000eab00000,0x00000000eab00000,0x00000000fab00000)
  from space 27136K, 99% used [0x00000000fe580000,0x00000000ffffd600,0x0000000100000000)
  to   space 43520K, 0% used [0x00000000fab00000,0x00000000fab00000,0x00000000fd580000)
 ParOldGen       total 407552K, used 45802K [0x00000000c0000000, 0x00000000d8e00000, 0x00000000eab00000)
  object space 407552K, 11% used [0x00000000c0000000,0x00000000c2cba970,0x00000000d8e00000)
 Metaspace       used 59807K, capacity 60308K, committed 60544K, reserved 1099776K
  class space    used 10694K, capacity 10808K, committed 10880K, reserved 1048576K
}
Event: 49.727 GC heap before
{Heap before GC invocations=15 (full 4):
 PSYoungGen      total 289280K, used 289269K [0x00000000eab00000, 0x0000000100000000, 0x0000000100000000)
  eden space 262144K, 100% used [0x00000000eab00000,0x00000000fab00000,0x00000000fab00000)
  from space 27136K, 99% used [0x00000000fe580000,0x00000000ffffd600,0x0000000100000000)
  to   space 43520K, 0% used [0x00000000fab00000,0x00000000fab00000,0x00000000fd580000)
 ParOldGen       total 407552K, used 45802K [0x00000000c0000000, 0x00000000d8e00000, 0x00000000eab00000)
  object space 407552K, 11% used [0x00000000c0000000,0x00000000c2cba970,0x00000000d8e00000)
 Metaspace       used 65957K, capacity 66514K, committed 66944K, reserved 1103872K
  class space    used 12128K, capacity 12298K, committed 12416K, reserved 1048576K
Event: 49.831 GC heap after
Heap after GC invocations=15 (full 4):
 PSYoungGen      total 305664K, used 43492K [0x00000000eab00000, 0x0000000100000000, 0x0000000100000000)
  eden space 262144K, 0% used [0x00000000eab00000,0x00000000eab00000,0x00000000fab00000)
  from space 43520K, 99% used [0x00000000fab00000,0x00000000fd5791a0,0x00000000fd580000)
  to   space 43520K, 0% used [0x00000000fd580000,0x00000000fd580000,0x0000000100000000)
 ParOldGen       total 407552K, used 58047K [0x00000000c0000000, 0x00000000d8e00000, 0x00000000eab00000)
  object space 407552K, 14% used [0x00000000c0000000,0x00000000c38afc60,0x00000000d8e00000)
 Metaspace       used 65957K, capacity 66514K, committed 66944K, reserved 1103872K
  class space    used 12128K, capacity 12298K, committed 12416K, reserved 1048576K
}

Deoptimization events (10 events):
Event: 49.667 Thread 0x0000000004782800 Uncommon trap: reason=unstable_if action=reinterpret pc=0x00000000053a4d54 method=java.nio.charset.CoderResult.isUnderflow()Z @ 4
Event: 49.858 Thread 0x0000000004782800 Uncommon trap: reason=unstable_if action=reinterpret pc=0x00000000062e70f0 method=java.util.ArrayList.<init>(Ljava/util/Collection;)V @ 24
Event: 49.903 Thread 0x0000000004782800 Uncommon trap: reason=predicate action=maybe_recompile pc=0x0000000005510dc8 method=java.util.AbstractCollection.addAll(Ljava/util/Collection;)Z @ 18
Event: 49.907 Thread 0x0000000004782800 Uncommon trap: reason=class_check action=maybe_recompile pc=0x0000000005d66e74 method=com.typesafe.config.impl.Tokenizer$TokenIterator.nextCharRaw()I @ 14
Event: 49.907 Thread 0x0000000004782800 Uncommon trap: reason=class_check action=maybe_recompile pc=0x0000000005d66e74 method=com.typesafe.config.impl.Tokenizer$TokenIterator.nextCharRaw()I @ 14
Event: 49.907 Thread 0x0000000004782800 Uncommon trap: reason=class_check action=maybe_recompile pc=0x0000000005d66e74 method=com.typesafe.config.impl.Tokenizer$TokenIterator.nextCharRaw()I @ 14
Event: 49.907 Thread 0x0000000004782800 Uncommon trap: reason=class_check action=maybe_recompile pc=0x0000000005d66e74 method=com.typesafe.config.impl.Tokenizer$TokenIterator.nextCharRaw()I @ 14
Event: 49.923 Thread 0x0000000004782800 Uncommon trap: reason=bimorphic action=maybe_recompile pc=0x0000000005356698 method=java.util.regex.Pattern$CharProperty.match(Ljava/util/regex/Matcher;ILjava/lang/CharSequence;)Z @ 37
Event: 49.967 Thread 0x0000000004782800 Uncommon trap: reason=class_check action=maybe_recompile pc=0x0000000006627c4c method=scala.collection.mutable.WrappedArray$.make(Ljava/lang/Object;)Lscala/collection/mutable/WrappedArray; @ 11
Event: 50.029 Thread 0x0000000004782800 Uncommon trap: reason=null_check action=make_not_entrant pc=0x0000000004f77804 method=java.lang.reflect.Array.newInstance(Ljava/lang/Class;I)Ljava/lang/Object; @ 2

Classes redefined (0 events):
No events

Internal exceptions (10 events):
Event: 32.392 Thread 0x000000001a38b800 Implicit null exception at 0x0000000005c69d79 to 0x0000000005c6b0ed
Event: 33.463 Thread 0x000000001a38b800 Implicit null exception at 0x0000000005c89bfc to 0x0000000005c8d2d1
Event: 37.252 Thread 0x000000001a38a800 Exception <a 'java/io/FileNotFoundException'> (0x00000000f0ed29c0) thrown at [C:\re\workspace\8-2-build-windows-amd64-cygwin\jdk8u161\10277\hotspot\src\share\vm\prims\jni.cpp, line 709]
Event: 37.417 Thread 0x0000000004782800 Exception <a 'java/security/PrivilegedActionException'> (0x00000000f06813b0) thrown at [C:\re\workspace\8-2-build-windows-amd64-cygwin\jdk8u161\10277\hotspot\src\share\vm\prims\jvm.cpp, line 1390]
Event: 37.417 Thread 0x0000000004782800 Exception <a 'java/security/PrivilegedActionException'> (0x00000000f0681990) thrown at [C:\re\workspace\8-2-build-windows-amd64-cygwin\jdk8u161\10277\hotspot\src\share\vm\prims\jvm.cpp, line 1390]
Event: 37.832 Thread 0x0000000004782800 Exception <a 'java/security/PrivilegedActionException'> (0x00000000f22997d8) thrown at [C:\re\workspace\8-2-build-windows-amd64-cygwin\jdk8u161\10277\hotspot\src\share\vm\prims\jvm.cpp, line 1390]
Event: 37.832 Thread 0x0000000004782800 Exception <a 'java/security/PrivilegedActionException'> (0x00000000f2299fa0) thrown at [C:\re\workspace\8-2-build-windows-amd64-cygwin\jdk8u161\10277\hotspot\src\share\vm\prims\jvm.cpp, line 1390]
Event: 38.201 Thread 0x0000000004782800 Exception <a 'java/lang/ArrayIndexOutOfBoundsException': 22> (0x00000000f3da4a68) thrown at [C:\re\workspace\8-2-build-windows-amd64-cygwin\jdk8u161\10277\hotspot\src\share\vm\interpreter\interpreterRuntime.cpp, line 366]
Event: 38.233 Thread 0x0000000004782800 Exception <a 'java/lang/ArrayIndexOutOfBoundsException': 91> (0x00000000f3e89ad8) thrown at [C:\re\workspace\8-2-build-windows-amd64-cygwin\jdk8u161\10277\hotspot\src\share\vm\interpreter\interpreterRuntime.cpp, line 366]
Event: 40.392 Thread 0x0000000004782800 Implicit null exception at 0x0000000005efe76e to 0x0000000005effbc5

Events (10 events):
Event: 50.029 Thread 0x0000000004782800 DEOPT UNPACKING pc=0x00000000048c583b sp=0x0000000002e9cba0 mode 2
Event: 50.030 loading class akka/dispatch/MonitorableThreadFactory$$anonfun$wire$1
Event: 50.030 loading class akka/dispatch/MonitorableThreadFactory$$anonfun$wire$1 done
Event: 50.031 Thread 0x000000001a390000 Thread added: 0x000000001a390000
Event: 50.031 loading class akka/actor/ReflectiveDynamicAccess$$anonfun$createInstanceFor$1
Event: 50.031 loading class akka/actor/ReflectiveDynamicAccess$$anonfun$createInstanceFor$1 done
Event: 50.032 loading class akka/actor/ActorRefProvider
Event: 50.032 loading class akka/actor/ActorRefProvider done
Event: 50.033 loading class akka/actor/LocalActorRefProvider
Event: 50.033 loading class akka/actor/LocalActorRefProvider done


Dynamic libraries:
0x00007ff744490000 - 0x00007ff7444c7000 	C:\Program Files\Java\jdk1.8.0_161\bin\java.exe
0x00007ff8f5340000 - 0x00007ff8f5520000 	C:\Windows\SYSTEM32\ntdll.dll
0x00007ff8f45f0000 - 0x00007ff8f469e000 	C:\Windows\System32\KERNEL32.DLL
0x00007ff8f22b0000 - 0x00007ff8f2516000 	C:\Windows\System32\KERNELBASE.dll
0x00007ff8f4420000 - 0x00007ff8f44c1000 	C:\Windows\System32\ADVAPI32.dll
0x00007ff8f44d0000 - 0x00007ff8f456d000 	C:\Windows\System32\msvcrt.dll
0x00007ff8f4770000 - 0x00007ff8f47cb000 	C:\Windows\System32\sechost.dll
0x00007ff8f2a40000 - 0x00007ff8f2b5f000 	C:\Windows\System32\RPCRT4.dll
0x00007ff8f4890000 - 0x00007ff8f4a1f000 	C:\Windows\System32\USER32.dll
0x00007ff8f2290000 - 0x00007ff8f22b0000 	C:\Windows\System32\win32u.dll
0x00007ff8f2830000 - 0x00007ff8f2858000 	C:\Windows\System32\GDI32.dll
0x00007ff8f2620000 - 0x00007ff8f27b3000 	C:\Windows\System32\gdi32full.dll
0x00007ff8f2140000 - 0x00007ff8f21db000 	C:\Windows\System32\msvcp_win.dll
0x00007ff8f2520000 - 0x00007ff8f2616000 	C:\Windows\System32\ucrtbase.dll
0x00007ff8e4280000 - 0x00007ff8e44e9000 	C:\Windows\WinSxS\amd64_microsoft.windows.common-controls_6595b64144ccf1df_6.0.16299.248_none_15ced204935f55d7\COMCTL32.dll
0x00007ff8f4110000 - 0x00007ff8f4418000 	C:\Windows\System32\combase.dll
0x00007ff8f1e90000 - 0x00007ff8f1f02000 	C:\Windows\System32\bcryptPrimitives.dll
0x00007ff8f2860000 - 0x00007ff8f288d000 	C:\Windows\System32\IMM32.DLL
0x00000000729f0000 - 0x0000000072ac2000 	C:\Program Files\Java\jdk1.8.0_161\jre\bin\msvcr100.dll
0x0000000072150000 - 0x00000000729ef000 	C:\Program Files\Java\jdk1.8.0_161\jre\bin\server\jvm.dll
0x00007ff8f2a30000 - 0x00007ff8f2a38000 	C:\Windows\System32\PSAPI.DLL
0x00007ff8e4cd0000 - 0x00007ff8e4cd9000 	C:\Windows\SYSTEM32\WSOCK32.dll
0x00007ff8f46a0000 - 0x00007ff8f470c000 	C:\Windows\System32\WS2_32.dll
0x00007ff8ef650000 - 0x00007ff8ef673000 	C:\Windows\SYSTEM32\WINMM.dll
0x00007ff8eba40000 - 0x00007ff8eba4a000 	C:\Windows\SYSTEM32\VERSION.dll
0x00007ff8ef620000 - 0x00007ff8ef64a000 	C:\Windows\SYSTEM32\WINMMBASE.dll
0x00007ff8f27c0000 - 0x00007ff8f280a000 	C:\Windows\System32\cfgmgr32.dll
0x0000000072140000 - 0x000000007214f000 	C:\Program Files\Java\jdk1.8.0_161\jre\bin\verify.dll
0x0000000072110000 - 0x0000000072139000 	C:\Program Files\Java\jdk1.8.0_161\jre\bin\java.dll
0x0000000071ea0000 - 0x0000000071ec3000 	C:\Program Files\Java\jdk1.8.0_161\jre\bin\instrument.dll
0x00000000720f0000 - 0x0000000072106000 	C:\Program Files\Java\jdk1.8.0_161\jre\bin\zip.dll
0x00007ff8f2b60000 - 0x00007ff8f3f96000 	C:\Windows\System32\SHELL32.dll
0x00007ff8f47d0000 - 0x00007ff8f4876000 	C:\Windows\System32\shcore.dll
0x00007ff8f1740000 - 0x00007ff8f1e87000 	C:\Windows\System32\windows.storage.dll
0x00007ff8f52b0000 - 0x00007ff8f5301000 	C:\Windows\System32\shlwapi.dll
0x00007ff8f1690000 - 0x00007ff8f16a1000 	C:\Windows\System32\kernel.appcore.dll
0x00007ff8f16b0000 - 0x00007ff8f16fc000 	C:\Windows\System32\powrprof.dll
0x00007ff8f1700000 - 0x00007ff8f171b000 	C:\Windows\System32\profapi.dll
0x00007ff8dae80000 - 0x00007ff8dae9a000 	C:\Program Files\JetBrains\IntelliJ IDEA Community Edition 2017.3.4\bin\breakgen64.dll
0x00000000720d0000 - 0x00000000720ea000 	C:\Program Files\Java\jdk1.8.0_161\jre\bin\net.dll
0x00007ff8f0f20000 - 0x00007ff8f0f86000 	C:\Windows\system32\mswsock.dll
0x00000000720b0000 - 0x00000000720c1000 	C:\Program Files\Java\jdk1.8.0_161\jre\bin\nio.dll
0x00007ff8f10e0000 - 0x00007ff8f10f7000 	C:\Windows\SYSTEM32\CRYPTSP.dll
0x00007ff8f0b30000 - 0x00007ff8f0b63000 	C:\Windows\system32\rsaenh.dll
0x00007ff8f11f0000 - 0x00007ff8f1215000 	C:\Windows\SYSTEM32\bcrypt.dll
0x00007ff8f15c0000 - 0x00007ff8f15e9000 	C:\Windows\SYSTEM32\USERENV.dll
0x00007ff8f1100000 - 0x00007ff8f110b000 	C:\Windows\SYSTEM32\CRYPTBASE.dll
0x00007ff8f0cb0000 - 0x00007ff8f0ce9000 	C:\Windows\SYSTEM32\IPHLPAPI.DLL
0x00007ff8f4a20000 - 0x00007ff8f4a28000 	C:\Windows\System32\NSI.dll
0x00007ff8e9a50000 - 0x00007ff8e9a66000 	C:\Windows\SYSTEM32\dhcpcsvc6.DLL
0x00007ff8ea2e0000 - 0x00007ff8ea2fa000 	C:\Windows\SYSTEM32\dhcpcsvc.DLL
0x00007ff8eba20000 - 0x00007ff8eba2a000 	C:\Users\Tira\AppData\Local\Temp\jansi-64-1-3565650866028324738.11
0x00007ff8e6900000 - 0x00007ff8e6916000 	C:\Windows\system32\napinsp.dll
0x00007ff8e68e0000 - 0x00007ff8e68fa000 	C:\Windows\system32\pnrpnsp.dll
0x00007ff8ee320000 - 0x00007ff8ee338000 	C:\Windows\system32\NLAapi.dll
0x00007ff8f0cf0000 - 0x00007ff8f0da6000 	C:\Windows\SYSTEM32\DNSAPI.dll
0x00007ff8ee6d0000 - 0x00007ff8ee6de000 	C:\Windows\System32\winrnr.dll
0x00007ff8ed3d0000 - 0x00007ff8ed3e5000 	C:\Windows\System32\wshbth.dll
0x00007ff8e9910000 - 0x00007ff8e991a000 	C:\Windows\System32\rasadhlp.dll
0x00007ff8e9ca0000 - 0x00007ff8e9d10000 	C:\Windows\System32\fwpuclnt.dll
0x00007ff8e3a70000 - 0x00007ff8e3c38000 	C:\Windows\SYSTEM32\dbghelp.dll

VM Arguments:
jvm_args: -Xms512M -Xmx1024M -Xss1M -XX:+CMSClassUnloadingEnabled -javaagent:C:\Program Files\JetBrains\IntelliJ IDEA Community Edition 2017.3.4\lib\idea_rt.jar=60916:C:\Program Files\JetBrains\IntelliJ IDEA Community Edition 2017.3.4\bin -Dfile.encoding=windows-1252 
java_command: xsbt.boot.Boot run
java_class_path (initial): C:\Users\Tira\.IdeaIC2017.3\config\plugins\Scala\launcher\sbt-launch.jar;C:\Program Files\JetBrains\IntelliJ IDEA Community Edition 2017.3.4\lib\idea_rt.jar
Launcher Type: SUN_STANDARD

Environment Variables:
JAVA_HOME=C:\Program Files\Java\jdk1.8.0_161
PATH=C:\ProgramData\Oracle\Java\javapath;C:\Windows\system32;C:\Windows;C:\Windows\System32\Wbem;C:\Windows\System32\WindowsPowerShell\v1.0\;C:\Program Files\nodejs\;C:\Program Files (x86)\sbt\bin;C:\Program Files\Git\cmd;C:\Users\Tira\AppData\Local\Microsoft\WindowsApps;C:\Users\Tira\AppData\Roaming\npm
USERNAME=Tira
OS=Windows_NT
PROCESSOR_IDENTIFIER=AMD64 Family 21 Model 16 Stepping 1, AuthenticAMD



---------------  S Y S T E M  ---------------

OS: Windows 10.0 , 64 bit Build 16299 (10.0.16299.15)

CPU:total 4 (initial active 4) (4 cores per cpu, 1 threads per core) family 21 model 16 stepping 1, cmov, cx8, fxsr, mmx, sse, sse2, sse3, ssse3, sse4.1, sse4.2, popcnt, avx, aes, clmul, mmxext, 3dnowpref, lzcnt, sse4a, tsc, tscinvbit, tscinv, bmi1

Memory: 4k page, physical 7824944k(2226648k free), swap 15689264k(8158980k free)

vm_info: Java HotSpot(TM) 64-Bit Server VM (25.161-b12) for windows-amd64 JRE (1.8.0_161-b12), built on Dec 19 2017 17:52:25 by "java_re" with MS VC++ 10.0 (VS2010)

time: Fri Feb 23 17:17:20 2018
elapsed time: 50 seconds (0d 0h 0m 50s)

